{"/Users/hoangpham/Hoang/Learning/Project/ecommerce/ecommerce-be/src/controllers/user/user-controllers.ts": {"path":"/Users/hoangpham/Hoang/Learning/Project/ecommerce/ecommerce-be/src/controllers/user/user-controllers.ts","statementMap":{"0":{"start":{"line":9,"column":34},"end":{"line":28,"column":null}},"1":{"start":{"line":14,"column":2},"end":{"line":27,"column":null}},"2":{"start":{"line":15,"column":26},"end":{"line":15,"column":null}},"3":{"start":{"line":16,"column":20},"end":{"line":19,"column":null}},"4":{"start":{"line":21,"column":4},"end":{"line":24,"column":null}},"5":{"start":{"line":26,"column":4},"end":{"line":26,"column":null}}},"fnMap":{"0":{"name":"(anonymous_0)","decl":{"start":{"line":9,"column":34},"end":{"line":9,"column":null}},"loc":{"start":{"line":13,"column":5},"end":{"line":28,"column":null}},"line":13}},"branchMap":{"0":{"loc":{"start":{"line":18,"column":19},"end":{"line":18,"column":null}},"type":"binary-expr","locations":[{"start":{"line":18,"column":19},"end":{"line":18,"column":48}},{"start":{"line":18,"column":48},"end":{"line":18,"column":null}}],"line":18}},"s":{"0":2,"1":6,"2":6,"3":6,"4":2,"5":4},"f":{"0":6},"b":{"0":[6,1]},"meta":{"lastBranch":1,"lastFunction":1,"lastStatement":6,"seen":{"s:9:34:28:Infinity":0,"f:9:34:9:Infinity":0,"s:14:2:27:Infinity":1,"s:15:26:15:Infinity":2,"s:16:20:19:Infinity":3,"b:18:19:18:48:18:48:18:Infinity":0,"s:21:4:24:Infinity":4,"s:26:4:26:Infinity":5}}}
,"/Users/hoangpham/Hoang/Learning/Project/ecommerce/ecommerce-be/src/controllers/user/user-dto.ts": {"path":"/Users/hoangpham/Hoang/Learning/Project/ecommerce/ecommerce-be/src/controllers/user/user-dto.ts","statementMap":{"0":{"start":{"line":4,"column":31},"end":{"line":31,"column":null}},"1":{"start":{"line":33,"column":13},"end":{"line":46,"column":null}},"2":{"start":{"line":39,"column":2},"end":{"line":45,"column":null}}},"fnMap":{"0":{"name":"(anonymous_0)","decl":{"start":{"line":33,"column":13},"end":{"line":33,"column":null}},"loc":{"start":{"line":38,"column":5},"end":{"line":46,"column":null}},"line":38}},"branchMap":{},"s":{"0":2,"1":2,"2":2},"f":{"0":2},"b":{},"meta":{"lastBranch":0,"lastFunction":1,"lastStatement":3,"seen":{"s:4:31:31:Infinity":0,"s:33:13:46:Infinity":1,"f:33:13:33:Infinity":0,"s:39:2:45:Infinity":2}}}
,"/Users/hoangpham/Hoang/Learning/Project/ecommerce/ecommerce-be/src/middleware/error.ts": {"path":"/Users/hoangpham/Hoang/Learning/Project/ecommerce/ecommerce-be/src/middleware/error.ts","statementMap":{"0":{"start":{"line":10,"column":13},"end":{"line":35,"column":null}},"1":{"start":{"line":16,"column":2},"end":{"line":16,"column":null}},"2":{"start":{"line":17,"column":19},"end":{"line":17,"column":null}},"3":{"start":{"line":18,"column":16},"end":{"line":18,"column":null}},"4":{"start":{"line":20,"column":2},"end":{"line":23,"column":null}},"5":{"start":{"line":21,"column":4},"end":{"line":21,"column":null}},"6":{"start":{"line":22,"column":4},"end":{"line":22,"column":null}},"7":{"start":{"line":25,"column":2},"end":{"line":28,"column":null}},"8":{"start":{"line":26,"column":4},"end":{"line":26,"column":null}},"9":{"start":{"line":27,"column":4},"end":{"line":27,"column":null}},"10":{"start":{"line":30,"column":2},"end":{"line":30,"column":null}},"11":{"start":{"line":31,"column":2},"end":{"line":34,"column":null}}},"fnMap":{"0":{"name":"(anonymous_0)","decl":{"start":{"line":10,"column":13},"end":{"line":10,"column":null}},"loc":{"start":{"line":15,"column":5},"end":{"line":35,"column":null}},"line":15}},"branchMap":{"0":{"loc":{"start":{"line":17,"column":19},"end":{"line":17,"column":null}},"type":"binary-expr","locations":[{"start":{"line":17,"column":19},"end":{"line":17,"column":37}},{"start":{"line":17,"column":37},"end":{"line":17,"column":null}}],"line":17},"1":{"loc":{"start":{"line":18,"column":16},"end":{"line":18,"column":null}},"type":"binary-expr","locations":[{"start":{"line":18,"column":16},"end":{"line":18,"column":31}},{"start":{"line":18,"column":31},"end":{"line":18,"column":null}}],"line":18},"2":{"loc":{"start":{"line":20,"column":2},"end":{"line":23,"column":null}},"type":"if","locations":[{"start":{"line":20,"column":2},"end":{"line":23,"column":null}},{"start":{},"end":{}}],"line":20},"3":{"loc":{"start":{"line":25,"column":2},"end":{"line":28,"column":null}},"type":"if","locations":[{"start":{"line":25,"column":2},"end":{"line":28,"column":null}},{"start":{},"end":{}}],"line":25}},"s":{"0":2,"1":4,"2":4,"3":4,"4":4,"5":1,"6":1,"7":4,"8":1,"9":1,"10":4,"11":4},"f":{"0":4},"b":{"0":[4,2],"1":[4,1],"2":[1,3],"3":[1,3]},"meta":{"lastBranch":4,"lastFunction":1,"lastStatement":12,"seen":{"s:10:13:35:Infinity":0,"f:10:13:10:Infinity":0,"s:16:2:16:Infinity":1,"s:17:19:17:Infinity":2,"b:17:19:17:37:17:37:17:Infinity":0,"s:18:16:18:Infinity":3,"b:18:16:18:31:18:31:18:Infinity":1,"b:20:2:23:Infinity:undefined:undefined:undefined:undefined":2,"s:20:2:23:Infinity":4,"s:21:4:21:Infinity":5,"s:22:4:22:Infinity":6,"b:25:2:28:Infinity:undefined:undefined:undefined:undefined":3,"s:25:2:28:Infinity":7,"s:26:4:26:Infinity":8,"s:27:4:27:Infinity":9,"s:30:2:30:Infinity":10,"s:31:2:34:Infinity":11}}}
}
